<!DOCTYPE html>
<!--
 | Generated by Apache Maven Doxia Site Renderer 1.11.1 at 2025-06-21

 | Rendered using Apache Maven Default Skin
-->
<html xmlns="http://www.w3.org/1999/xhtml" xml:lang="en" lang="en">
  <head>
    <meta charset="UTF-8" />
    <meta name="viewport" content="width=device-width, initial-scale=1.0" />
    <meta name="generator" content="Apache Maven Doxia Site Renderer 1.11.1" />
    <title>demoTestNG &#x2013; Surefire Report</title>
    <link rel="stylesheet" href="./css/maven-base.css" />
    <link rel="stylesheet" href="./css/maven-theme.css" />
    <link rel="stylesheet" href="./css/site.css" />
    <link rel="stylesheet" href="./css/print.css" media="print" />
  </head>
  <body class="composite">
    <div id="banner">
      <div class="clear">
        <hr/>
      </div>
    </div>
    <div id="breadcrumbs">
      <div class="xleft">
        <span id="publishDate">Last Published: 2025-06-21</span>
           | <span id="projectVersion">Version: 1.0-SNAPSHOT</span>
      </div>
      <div class="xright">      </div>
      <div class="clear">
        <hr/>
      </div>
    </div>
    <div id="leftColumn">
      <div id="navcolumn">
      <a href="http://maven.apache.org/" title="Built by Maven" class="poweredBy">
        <img class="poweredBy" alt="Built by Maven" src="./images/logos/maven-feather.png" />
      </a>
      </div>
    </div>
    <div id="bodyColumn">
      <div id="contentBox">
<script type="application/javascript">
//<![CDATA[
function toggleDisplay(elementId) {
 var elm = document.getElementById(elementId + '-error');
 if (elm == null) {
  elm = document.getElementById(elementId + '-failure');
 }
 if (elm && typeof elm.style != "undefined") {
  if (elm.style.display == "none") {
   elm.style.display = "";
   document.getElementById(elementId + '-off').style.display = "none";
   document.getElementById(elementId + '-on').style.display = "inline";
  } else if (elm.style.display == "") {   elm.style.display = "none";
   document.getElementById(elementId + '-off').style.display = "inline";
   document.getElementById(elementId + '-on').style.display = "none";
  } 
 } 
 }
//]]>
</script><section>
<h2><a name="Surefire_Report"></a>Surefire Report</h2></section><section><a id="Summary"></a>
<h2><a name="Summary"></a>Summary</h2>
<p>[<a href="#Summary">Summary</a>] [<a href="#Package_List">Package List</a>] [<a href="#Test_Cases">Test Cases</a>]</p><br />
<table border="0" class="bodyTable">
<tr class="a">
<th>Tests</th>
<th>Errors</th>
<th>Failures</th>
<th>Skipped</th>
<th>Success Rate</th>
<th>Time</th></tr>
<tr class="b">
<td align="left">12</td>
<td align="left">0</td>
<td align="left">2</td>
<td align="left">0</td>
<td align="left">83.333%</td>
<td align="left">0.051</td></tr></table><br />
<p>Note: failures are anticipated and checked for with assertions while errors are unanticipated.</p><br /></section><section><a id="Package_List"></a>
<h2><a name="Package_List"></a>Package List</h2>
<p>[<a href="#Summary">Summary</a>] [<a href="#Package_List">Package List</a>] [<a href="#Test_Cases">Test Cases</a>]</p><br />
<table border="0" class="bodyTable">
<tr class="a">
<th>Package</th>
<th>Tests</th>
<th>Errors</th>
<th>Failures</th>
<th>Skipped</th>
<th>Success Rate</th>
<th>Time</th></tr>
<tr class="b">
<td align="left"><a href="#com.binh.util.service">com.binh.util.service</a></td>
<td align="left">12</td>
<td align="left">0</td>
<td align="left">2</td>
<td align="left">0</td>
<td align="left">83.333%</td>
<td align="left">0.051</td></tr></table><br />
<p>Note: package statistics are not computed recursively, they only sum up all of its testsuites numbers.</p><section><a id="com.binh.util.service"></a>
<h3><a name="com.binh.util.service"></a>com.binh.util.service</h3>
<table border="0" class="bodyTable">
<tr class="a">
<th></th>
<th>Class</th>
<th>Tests</th>
<th>Errors</th>
<th>Failures</th>
<th>Skipped</th>
<th>Success Rate</th>
<th>Time</th></tr>
<tr class="b">
<td align="left"><a href="#com.binh.util.service.AuthenticationServiceDDTTest"><img src="images/icon_warning_sml.gif" alt="" /></a></td>
<td align="left"><a href="#com.binh.util.service.AuthenticationServiceDDTTest">AuthenticationServiceDDTTest</a></td>
<td align="left">6</td>
<td align="left">0</td>
<td align="left">2</td>
<td align="left">0</td>
<td align="left">66.667%</td>
<td align="left">0.044</td></tr>
<tr class="a">
<td align="left"><a href="#com.binh.util.service.AuthenticationServiceTDDTest"><img src="images/icon_success_sml.gif" alt="" /></a></td>
<td align="left"><a href="#com.binh.util.service.AuthenticationServiceTDDTest">AuthenticationServiceTDDTest</a></td>
<td align="left">6</td>
<td align="left">0</td>
<td align="left">0</td>
<td align="left">0</td>
<td align="left">100%</td>
<td align="left">0.007</td></tr></table></section><br /></section><section><a id="Test_Cases"></a>
<h2><a name="Test_Cases"></a>Test Cases</h2>
<p>[<a href="#Summary">Summary</a>] [<a href="#Package_List">Package List</a>] [<a href="#Test_Cases">Test Cases</a>]</p><section><a id="com.binh.util.service.AuthenticationServiceDDTTest"></a>
<h3><a name="AuthenticationServiceDDTTest"></a>AuthenticationServiceDDTTest</h3>
<table border="0" class="bodyTable">
<tr class="a">
<td align="left"><a href="#com.binh.util.service.AuthenticationServiceDDTTest.testLoginDDTadmin_12345_true1"><img src="images/icon_error_sml.gif" alt="" /></a></td>
<td align="left"><a id="TC_com.binh.util.service.AuthenticationServiceDDTTest.testLoginDDTadmin_12345_true1"></a><a href="#com.binh.util.service.AuthenticationServiceDDTTest.testLoginDDTadmin_12345_true1">testLoginDDT[admin, 12345, true](1)</a>
<div class="detailToggle" style="display:inline"><a href="javascript:toggleDisplay('com.binh.util.service.AuthenticationServiceDDTTest.testLoginDDTadmin_12345_true1');"><span style="display:inline;" id="com.binh.util.service.AuthenticationServiceDDTTest.testLoginDDTadmin_12345_true1-off"> + </span><span style="display:none;" id="com.binh.util.service.AuthenticationServiceDDTTest.testLoginDDTadmin_12345_true1-on"> - </span>[ Detail ]</a></div></td>
<td align="left">0.04</td></tr>
<tr class="b">
<td align="left"></td>
<td align="left">Failed on: admin/12345 expected [true] but found [false]</td>
<td align="left"></td></tr>
<tr class="a">
<td align="left"></td>
<td align="left">
<div id="com.binh.util.service.AuthenticationServiceDDTTest.testLoginDDTadmin_12345_true1-failure" style="display:none;">
<div>
<pre>java.lang.AssertionError: Failed on: admin/12345 expected [true] but found [false]
	at org.testng.Assert.fail(Assert.java:111)
	at org.testng.Assert.failNotEquals(Assert.java:1590)
	at org.testng.Assert.assertEqualsImpl(Assert.java:150)
	at org.testng.Assert.assertEquals(Assert.java:132)
	at org.testng.Assert.assertEquals(Assert.java:1079)
	at org.testng.Assert.assertEquals(Assert.java:1043)
	at com.binh.util.service.AuthenticationServiceDDTTest.testLoginDDT(AuthenticationServiceDDTTest.java:40)
	at java.base/jdk.internal.reflect.DirectMethodHandleAccessor.invoke(DirectMethodHandleAccessor.java:104)
	at java.base/java.lang.reflect.Method.invoke(Method.java:565)
	at org.testng.internal.invokers.MethodInvocationHelper.invokeMethod(MethodInvocationHelper.java:141)
	at org.testng.internal.invokers.TestInvoker.invokeMethod(TestInvoker.java:687)
	at org.testng.internal.invokers.TestInvoker.invokeTestMethod(TestInvoker.java:230)
	at org.testng.internal.invokers.MethodRunner.runInSequence(MethodRunner.java:63)
	at org.testng.internal.invokers.TestInvoker$MethodInvocationAgent.invoke(TestInvoker.java:995)
	at org.testng.internal.invokers.TestInvoker.invokeTestMethods(TestInvoker.java:203)
	at org.testng.internal.invokers.TestMethodWorker.invokeTestMethods(TestMethodWorker.java:154)
	at org.testng.internal.invokers.TestMethodWorker.run(TestMethodWorker.java:134)
	at java.base/java.util.ArrayList.forEach(ArrayList.java:1604)
	at org.testng.TestRunner.privateRun(TestRunner.java:741)
	at org.testng.TestRunner.run(TestRunner.java:616)
	at org.testng.SuiteRunner.runTest(SuiteRunner.java:421)
	at org.testng.SuiteRunner.runSequentially(SuiteRunner.java:413)
	at org.testng.SuiteRunner.privateRun(SuiteRunner.java:373)
	at org.testng.SuiteRunner.run(SuiteRunner.java:312)
	at org.testng.SuiteRunnerWorker.runSuite(SuiteRunnerWorker.java:52)
	at org.testng.SuiteRunnerWorker.run(SuiteRunnerWorker.java:95)
	at org.testng.TestNG.runSuitesSequentially(TestNG.java:1274)
	at org.testng.TestNG.runSuitesLocally(TestNG.java:1208)
	at org.testng.TestNG.runSuites(TestNG.java:1112)
	at org.testng.TestNG.run(TestNG.java:1079)
	at org.apache.maven.surefire.testng.TestNGExecutor.run(TestNGExecutor.java:324)
	at org.apache.maven.surefire.testng.TestNGXmlTestSuite.execute(TestNGXmlTestSuite.java:74)
	at org.apache.maven.surefire.testng.TestNGProvider.invoke(TestNGProvider.java:123)
	at org.apache.maven.surefire.booter.ForkedBooter.runSuitesInProcess(ForkedBooter.java:456)
	at org.apache.maven.surefire.booter.ForkedBooter.execute(ForkedBooter.java:169)
	at org.apache.maven.surefire.booter.ForkedBooter.run(ForkedBooter.java:595)
	at org.apache.maven.surefire.booter.ForkedBooter.main(ForkedBooter.java:581)
</pre></div></div></td>
<td align="left"></td></tr>
<tr class="b">
<td align="left"><a href="#com.binh.util.service.AuthenticationServiceDDTTest.testLoginDDTadmin_12345_true1"><img src="images/icon_error_sml.gif" alt="" /></a></td>
<td align="left"><a id="TC_com.binh.util.service.AuthenticationServiceDDTTest.testLoginDDTadmin_12345_true1"></a><a href="#com.binh.util.service.AuthenticationServiceDDTTest.testLoginDDTadmin_12345_true1">testLoginDDT[admin, 12345, true](1)</a>
<div class="detailToggle" style="display:inline"><a href="javascript:toggleDisplay('com.binh.util.service.AuthenticationServiceDDTTest.testLoginDDTadmin_12345_true1');"><span style="display:inline;" id="com.binh.util.service.AuthenticationServiceDDTTest.testLoginDDTadmin_12345_true1-off"> + </span><span style="display:none;" id="com.binh.util.service.AuthenticationServiceDDTTest.testLoginDDTadmin_12345_true1-on"> - </span>[ Detail ]</a></div></td>
<td align="left">0</td></tr>
<tr class="a">
<td align="left"></td>
<td align="left">Failed on: admin/12345 expected [true] but found [false]</td>
<td align="left"></td></tr>
<tr class="b">
<td align="left"></td>
<td align="left">
<div id="com.binh.util.service.AuthenticationServiceDDTTest.testLoginDDTadmin_12345_true1-failure" style="display:none;">
<div>
<pre>java.lang.AssertionError: Failed on: admin/12345 expected [true] but found [false]
	at org.testng.Assert.fail(Assert.java:111)
	at org.testng.Assert.failNotEquals(Assert.java:1590)
	at org.testng.Assert.assertEqualsImpl(Assert.java:150)
	at org.testng.Assert.assertEquals(Assert.java:132)
	at org.testng.Assert.assertEquals(Assert.java:1079)
	at org.testng.Assert.assertEquals(Assert.java:1043)
	at com.binh.util.service.AuthenticationServiceDDTTest.testLoginDDT(AuthenticationServiceDDTTest.java:40)
	at java.base/jdk.internal.reflect.DirectMethodHandleAccessor.invoke(DirectMethodHandleAccessor.java:104)
	at java.base/java.lang.reflect.Method.invoke(Method.java:565)
	at org.testng.internal.invokers.MethodInvocationHelper.invokeMethod(MethodInvocationHelper.java:141)
	at org.testng.internal.invokers.TestInvoker.invokeMethod(TestInvoker.java:687)
	at org.testng.internal.invokers.TestInvoker.invokeTestMethod(TestInvoker.java:230)
	at org.testng.internal.invokers.MethodRunner.runInSequence(MethodRunner.java:63)
	at org.testng.internal.invokers.TestInvoker$MethodInvocationAgent.invoke(TestInvoker.java:995)
	at org.testng.internal.invokers.TestInvoker.invokeTestMethods(TestInvoker.java:203)
	at org.testng.internal.invokers.TestMethodWorker.invokeTestMethods(TestMethodWorker.java:154)
	at org.testng.internal.invokers.TestMethodWorker.run(TestMethodWorker.java:134)
	at java.base/java.util.ArrayList.forEach(ArrayList.java:1604)
	at org.testng.TestRunner.privateRun(TestRunner.java:741)
	at org.testng.TestRunner.run(TestRunner.java:616)
	at org.testng.SuiteRunner.runTest(SuiteRunner.java:421)
	at org.testng.SuiteRunner.runSequentially(SuiteRunner.java:413)
	at org.testng.SuiteRunner.privateRun(SuiteRunner.java:373)
	at org.testng.SuiteRunner.run(SuiteRunner.java:312)
	at org.testng.SuiteRunnerWorker.runSuite(SuiteRunnerWorker.java:52)
	at org.testng.SuiteRunnerWorker.run(SuiteRunnerWorker.java:95)
	at org.testng.TestNG.runSuitesSequentially(TestNG.java:1274)
	at org.testng.TestNG.runSuitesLocally(TestNG.java:1208)
	at org.testng.TestNG.runSuites(TestNG.java:1112)
	at org.testng.TestNG.run(TestNG.java:1079)
	at org.apache.maven.surefire.testng.TestNGExecutor.run(TestNGExecutor.java:324)
	at org.apache.maven.surefire.testng.TestNGXmlTestSuite.execute(TestNGXmlTestSuite.java:74)
	at org.apache.maven.surefire.testng.TestNGProvider.invoke(TestNGProvider.java:123)
	at org.apache.maven.surefire.booter.ForkedBooter.runSuitesInProcess(ForkedBooter.java:456)
	at org.apache.maven.surefire.booter.ForkedBooter.execute(ForkedBooter.java:169)
	at org.apache.maven.surefire.booter.ForkedBooter.run(ForkedBooter.java:595)
	at org.apache.maven.surefire.booter.ForkedBooter.main(ForkedBooter.java:581)
</pre></div></div></td>
<td align="left"></td></tr>
<tr class="a">
<td align="left"><img src="images/icon_success_sml.gif" alt="" /></td>
<td align="left"><a id="TC_com.binh.util.service.AuthenticationServiceDDTTest.testLoginDDTadmin_wrong_false2"></a>testLoginDDT[admin, wrong, false](2)</td>
<td align="left">0.002</td></tr>
<tr class="b">
<td align="left"><img src="images/icon_success_sml.gif" alt="" /></td>
<td align="left"><a id="TC_com.binh.util.service.AuthenticationServiceDDTTest.testLoginDDTadmin_wrong_false2"></a>testLoginDDT[admin, wrong, false](2)</td>
<td align="left">0.001</td></tr>
<tr class="a">
<td align="left"><img src="images/icon_success_sml.gif" alt="" /></td>
<td align="left"><a id="TC_com.binh.util.service.AuthenticationServiceDDTTest.testLoginDDTguest_1234_false3"></a>testLoginDDT[guest, 1234, false](3)</td>
<td align="left">0</td></tr>
<tr class="b">
<td align="left"><img src="images/icon_success_sml.gif" alt="" /></td>
<td align="left"><a id="TC_com.binh.util.service.AuthenticationServiceDDTTest.testLoginDDTguest_1234_false3"></a>testLoginDDT[guest, 1234, false](3)</td>
<td align="left">0.001</td></tr></table></section><section><a id="com.binh.util.service.AuthenticationServiceTDDTest"></a>
<h3><a name="AuthenticationServiceTDDTest"></a>AuthenticationServiceTDDTest</h3>
<table border="0" class="bodyTable">
<tr class="a">
<td align="left"><img src="images/icon_success_sml.gif" alt="" /></td>
<td align="left"><a id="TC_com.binh.util.service.AuthenticationServiceTDDTest.testLoginSuccess"></a>testLoginSuccess</td>
<td align="left">0.005</td></tr>
<tr class="b">
<td align="left"><img src="images/icon_success_sml.gif" alt="" /></td>
<td align="left"><a id="TC_com.binh.util.service.AuthenticationServiceTDDTest.testLoginSuccess"></a>testLoginSuccess</td>
<td align="left">0</td></tr>
<tr class="a">
<td align="left"><img src="images/icon_success_sml.gif" alt="" /></td>
<td align="left"><a id="TC_com.binh.util.service.AuthenticationServiceTDDTest.testLoginUserNotFound"></a>testLoginUserNotFound</td>
<td align="left">0.001</td></tr>
<tr class="b">
<td align="left"><img src="images/icon_success_sml.gif" alt="" /></td>
<td align="left"><a id="TC_com.binh.util.service.AuthenticationServiceTDDTest.testLoginUserNotFound"></a>testLoginUserNotFound</td>
<td align="left">0</td></tr>
<tr class="a">
<td align="left"><img src="images/icon_success_sml.gif" alt="" /></td>
<td align="left"><a id="TC_com.binh.util.service.AuthenticationServiceTDDTest.testLoginWrongPassword"></a>testLoginWrongPassword</td>
<td align="left">0.001</td></tr>
<tr class="b">
<td align="left"><img src="images/icon_success_sml.gif" alt="" /></td>
<td align="left"><a id="TC_com.binh.util.service.AuthenticationServiceTDDTest.testLoginWrongPassword"></a>testLoginWrongPassword</td>
<td align="left">0</td></tr></table></section><br /></section><section><a id="Failure_Details"></a>
<h2><a name="Failure_Details"></a>Failure Details</h2>
<p>[<a href="#Summary">Summary</a>] [<a href="#Package_List">Package List</a>] [<a href="#Test_Cases">Test Cases</a>]</p><br />
<table border="0" class="bodyTable">
<tr class="a">
<td align="left"><img src="images/icon_error_sml.gif" alt="" /></td>
<td align="left"><a id="com.binh.util.service.AuthenticationServiceDDTTest.testLoginDDTadmin_12345_true1"></a>testLoginDDT[admin, 12345, true](1)</td></tr>
<tr class="b">
<td align="left"></td>
<td align="left">java.lang.AssertionError: Failed on: admin/12345 expected [true] but found [false]</td></tr>
<tr class="a">
<td align="left"></td>
<td align="left">
<div id="testLoginDDT[admin, 12345, true](1)-failure">com.binh.util.service.AuthenticationServiceDDTTest:40</div></td></tr>
<tr class="b">
<td align="left"><img src="images/icon_error_sml.gif" alt="" /></td>
<td align="left"><a id="com.binh.util.service.AuthenticationServiceDDTTest.testLoginDDTadmin_12345_true1"></a>testLoginDDT[admin, 12345, true](1)</td></tr>
<tr class="a">
<td align="left"></td>
<td align="left">java.lang.AssertionError: Failed on: admin/12345 expected [true] but found [false]</td></tr>
<tr class="b">
<td align="left"></td>
<td align="left">
<div id="testLoginDDT[admin, 12345, true](1)-failure">com.binh.util.service.AuthenticationServiceDDTTest:40</div></td></tr></table><br /></section>
      </div>
    </div>
    <div class="clear">
      <hr/>
    </div>
    <div id="footer">
      <div class="xright">
        Copyright &#169;      2025..      </div>
      <div class="clear">
        <hr/>
      </div>
    </div>
  </body>
</html>
